<?xml version="1.0" encoding="UTF-8"?>
<!-- Generated by org.testng.reporters.JUnitReportReporter -->
<testsuite hostname="Lenovo" failures="0" tests="1" name="interview.Popup" time="68.530" errors="0" timestamp="2022-03-17T20:25:29 IST" skipped="0">
  <testcase classname="interview.Popup" name="popuphandle" time="68.530"/>
  <system-out/>
</testsuite> <!-- interview.Popup -->
