<?xml version="1.0" encoding="UTF-8"?>
<!-- Generated by org.testng.reporters.JUnitReportReporter -->
<testsuite hostname="Lenovo" failures="0" tests="1" name="interview.Autosuggestion" time="30.488" errors="0" timestamp="2022-03-25T13:12:38 IST" skipped="0">
  <testcase classname="interview.Autosuggestion" name="auto" time="30.488"/>
  <system-out/>
</testsuite> <!-- interview.Autosuggestion -->
