<?xml version="1.0" encoding="UTF-8"?>
<!-- Generated by org.testng.reporters.JUnitReportReporter -->
<testsuite hostname="Lenovo" failures="0" tests="1" name="interview.WithoutSendkeys" time="13.738" errors="0" timestamp="2022-03-10T12:15:26 IST" skipped="0">
  <testcase classname="interview.WithoutSendkeys" name="withoutsendkeys" time="13.738"/>
  <system-out/>
</testsuite> <!-- interview.WithoutSendkeys -->
