<?xml version="1.0" encoding="UTF-8"?>
<!-- Generated by org.testng.reporters.JUnitReportReporter -->
<testsuite hostname="Lenovo" failures="0" tests="1" name="interview.GetallLinks" time="19.792" errors="0" timestamp="2022-03-23T23:14:47 IST" skipped="0">
  <testcase classname="interview.GetallLinks" name="getlinks" time="19.792"/>
  <system-out/>
</testsuite> <!-- interview.GetallLinks -->
